<?xml version="1.0" encoding="UTF-8" ?>
<testsuite errors="0" failures="0" hostname="plain.local" name="gov.nih.nci.qa.selenium.test.ExercisePageObjectTest" tests="13" time="169.015" timestamp="2011-09-29T21:39:52">
  <properties>
[...]
</properties>
  <testcase classname="gov.nih.nci.qa.selenium.test.ExercisePageObjectTest" name="homePageTest" time="11.481" />
  <testcase classname="gov.nih.nci.qa.selenium.test.ExercisePageObjectTest" name="loginValidUserTest" time="11.039" />
  <testcase classname="gov.nih.nci.qa.selenium.test.ExercisePageObjectTest" name="disclaimerAcceptTest" time="11.377" />
  <testcase classname="gov.nih.nci.qa.selenium.test.ExercisePageObjectTest" name="disclaimerRejectTest" time="11.923" />
  <testcase classname="gov.nih.nci.qa.selenium.test.ExercisePageObjectTest" name="ctroReportSelectorPageTest" time="12.548" />
  <testcase classname="gov.nih.nci.qa.selenium.test.ExercisePageObjectTest" name="adHocReportNavTest" time="16.118" />
  <testcase classname="gov.nih.nci.qa.selenium.test.ExercisePageObjectTest" name="summary4TypeReportNavTest" time="13.316" />
  <testcase classname="gov.nih.nci.qa.selenium.test.ExercisePageObjectTest" name="currentMilestoneReportNavTest" time="14.951" />
  <testcase classname="gov.nih.nci.qa.selenium.test.ExercisePageObjectTest" name="trialsSubmittedByInstituionNavTest" time="13.183" />
  <testcase classname="gov.nih.nci.qa.selenium.test.ExercisePageObjectTest" name="trialsSubmittedByDateNavTest" time="13.894" />
  <testcase classname="gov.nih.nci.qa.selenium.test.ExercisePageObjectTest" name="portfolioAverageMilestoneNavTest" time="12.563" />
  <testcase classname="gov.nih.nci.qa.selenium.test.ExercisePageObjectTest" name="trialsProcessingNavTest" time="13.034" />
  <testcase classname="gov.nih.nci.qa.selenium.test.ExercisePageObjectTest" name="summaryOfSubmissionNavTest" time="13.382" />
  <system-out><![CDATA[]]></system-out>
  <system-err><![CDATA[]]></system-err>
</testsuite>
