<?xml version="1.0" encoding="UTF-8" ?>
<testsuite errors="0" failures="0" hostname="plain.local" name="gov.nih.nci.qa.selenium.test.AdHocReportTest" tests="24" time="1433.198" timestamp="2011-09-29T21:15:58">
  <properties>
[...]
</properties>
  <testcase classname="gov.nih.nci.qa.selenium.test.AdHocReportTest" name="criteriaErrorDisplayed" time="23.453" />
  <testcase classname="gov.nih.nci.qa.selenium.test.AdHocReportTest" name="noResultsDisplayed" time="29.657" />
  <testcase classname="gov.nih.nci.qa.selenium.test.AdHocReportTest" name="firstCustomerTestCase" time="42.325" />
  <testcase classname="gov.nih.nci.qa.selenium.test.AdHocReportTest" name="secondCustomerTestCase" time="42.297" />
  <testcase classname="gov.nih.nci.qa.selenium.test.AdHocReportTest" name="thirdCustomerTestCase" time="39.498" />
  <testcase classname="gov.nih.nci.qa.selenium.test.AdHocReportTest" name="databaseResultCount5740" time="327.064" />
  <testcase classname="gov.nih.nci.qa.selenium.test.AdHocReportTest" name="resultsExceedFiveHundred" time="134.249" />
  <testcase classname="gov.nih.nci.qa.selenium.test.AdHocReportTest" name="databaseResultCount1453" time="78.13" />
  <testcase classname="gov.nih.nci.qa.selenium.test.AdHocReportTest" name="databaseResultCount694" time="52.544" />
  <testcase classname="gov.nih.nci.qa.selenium.test.AdHocReportTest" name="databaseResultCount365" time="44.933" />
  <testcase classname="gov.nih.nci.qa.selenium.test.AdHocReportTest" name="milestoneTrialSummaryReportSentData" time="84.144" />
  <testcase classname="gov.nih.nci.qa.selenium.test.AdHocReportTest" name="preventionAndIndustrial" time="38.291" />
  <testcase classname="gov.nih.nci.qa.selenium.test.AdHocReportTest" name="principalInvestigatorSelected" time="36.816" />
  <testcase classname="gov.nih.nci.qa.selenium.test.AdHocReportTest" name="processingStatusGeneralError" time="42.466" />
  <testcase classname="gov.nih.nci.qa.selenium.test.AdHocReportTest" name="processingStatusRejected" time="67.405" />
  <testcase classname="gov.nih.nci.qa.selenium.test.AdHocReportTest" name="currentTrialStatusEnrollingByInvitation" time="47.839" />
  <testcase classname="gov.nih.nci.qa.selenium.test.AdHocReportTest" name="ziopharmOncologySingleCriteria" time="36.317" />
  <testcase classname="gov.nih.nci.qa.selenium.test.AdHocReportTest" name="ziopharmOncologyTwoCriteria" time="36.324" />
  <testcase classname="gov.nih.nci.qa.selenium.test.AdHocReportTest" name="ziopharmOncologyThreeCriteria" time="39.74" />
  <testcase classname="gov.nih.nci.qa.selenium.test.AdHocReportTest" name="ziopharmOncologyFiveCriteria" time="38.786" />
  <testcase classname="gov.nih.nci.qa.selenium.test.AdHocReportTest" name="ziopharmOncologyOfficialTitle" time="26.84" />
  <testcase classname="gov.nih.nci.qa.selenium.test.AdHocReportTest" name="summary4SponsorDiseaseConditionInstitutional" time="49.486" />
  <testcase classname="gov.nih.nci.qa.selenium.test.AdHocReportTest" name="nciIdentifier" time="26.624" />
  <testcase classname="gov.nih.nci.qa.selenium.test.AdHocReportTest" name="diseaseCondition" time="47.781" />
  <system-out><![CDATA[]]></system-out>
  <system-err><![CDATA[]]></system-err>
</testsuite>
